<?xml version="1.0" encoding="UTF-8"?>
<!-- Generated by org.testng.reporters.JUnitReportReporter -->
<testsuite hostname="LMIPL-087" name="lm.rcx.tests.locations.TS_10_Locations_Next_Previous_Buttons" tests="2" failures="0" timestamp="22 Mar 2017 06:12:41 GMT" time="214.238" errors="0">
  <testcase name="TC_02_ValidatingPreviousButton" time="121.757" classname="lm.rcx.tests.locations.TS_10_Locations_Next_Previous_Buttons"/>
  <testcase name="TC_01_ValidatingNextButton" time="92.481" classname="lm.rcx.tests.locations.TS_10_Locations_Next_Previous_Buttons"/>
</testsuite> <!-- lm.rcx.tests.locations.TS_10_Locations_Next_Previous_Buttons -->
