<?xml version="1.0" encoding="UTF-8"?>
<!-- Generated by org.testng.reporters.JUnitReportReporter -->
<testsuite hostname="LMIPL-087" name="lm.rcx.tests.locations.TS_11_Locations_Collapse" tests="1" failures="0" timestamp="22 Mar 2017 10:45:51 GMT" time="92.350" errors="0">
  <testcase name="TC_01_ValidateCollapse" time="92.350" classname="lm.rcx.tests.locations.TS_11_Locations_Collapse"/>
</testsuite> <!-- lm.rcx.tests.locations.TS_11_Locations_Collapse -->
