<?xml version="1.0" encoding="UTF-8"?>
<!-- Generated by org.testng.reporters.JUnitReportReporter -->
<testsuite hostname="LMIPL-087" name="lm.rcx.tests.locations.TS_09_Locations_DuplicateLocation" tests="1" failures="0" timestamp="22 Mar 2017 05:59:39 GMT" time="338.814" errors="0">
  <testcase name="TC_01_ValidateCreatingLocationWithAllFields" time="338.814" classname="lm.rcx.tests.locations.TS_09_Locations_DuplicateLocation"/>
</testsuite> <!-- lm.rcx.tests.locations.TS_09_Locations_DuplicateLocation -->
