<?xml version="1.0" encoding="UTF-8"?>
<!-- Generated by org.testng.reporters.JUnitReportReporter -->
<testsuite hostname="LMIPL-007" name="lm.rcx.tests.securitysetup.TS_01_SecuritySetUp_AddRole" tests="1" failures="1" timestamp="23 Mar 2017 12:07:18 GMT" time="0.001" errors="0">
  <testcase name="TC_01_ValidateAddRole" time="0.001" classname="lm.rcx.tests.securitysetup.TS_01_SecuritySetUp_AddRole">
    <failure type="org.openqa.selenium.WebDriverException" message="Failed to connect to binary FirefoxBinary(C:\Program Files (x86)\Mozilla Firefox\firefox.exe) on port 7055; process output follows: 
ID&quot;:&quot;BwasIsiJg9gt&quot;,&quot;location&quot;:&quot;app-global&quot;,&quot;version&quot;:&quot;49.0.2&quot;,&quot;type&quot;:&quot;theme&quot;,&quot;internalName&quot;:&quot;classic/1.0&quot;,&quot;updateURL&quot;:null,&quot;updateKey&quot;:null,&quot;optionsURL&quot;:null,&quot;optionsType&quot;:null,&quot;aboutURL&quot;:null,&quot;icons&quot;:{&quot;32&quot;:&quot;icon.png&quot;,&quot;48&quot;:&quot;icon.png&quot;},&quot;iconURL&quot;:null,&quot;icon64URL&quot;:null,&quot;defaultLocale&quot;:{&quot;name&quot;:&quot;Default&quot;,&quot;description&quot;:&quot;The default theme.&quot;,&quot;creator&quot;:&quot;Mozilla&quot;,&quot;homepageURL&quot;:null,&quot;contributors&quot;:[&quot;Mozilla Contributors&quot;]},&quot;visible&quot;:true,&quot;active&quot;:true,&quot;userDisabled&quot;:false,&quot;appDisabled&quot;:false,&quot;descriptor&quot;:&quot;C:\\Program Files (x86)\\Mozilla Firefox\\browser\\extensions\\{972ce4c6-7e08-4474-a285-3208198ce6fd}.xpi&quot;,&quot;installDate&quot;:1476903776000,&quot;updateDate&quot;:1476903776000,&quot;applyBackgroundUpdates&quot;:1,&quot;skinnable&quot;:true,&quot;size&quot;:21905,&quot;sourceURI&quot;:null,&quot;releaseNotesURI&quot;:null,&quot;softDisabled&quot;:false,&quot;foreignInstall&quot;:false,&quot;hasBinaryComponents&quot;:false,&quot;strictCompatibility&quot;:true,&quot;locales&quot;:[],&quot;targetApplications&quot;:[{&quot;id&quot;:&quot;{ec8030f7-c20a-464f-9b0e-13a3a9e97384}&quot;,&quot;minVersion&quot;:&quot;49.0.2&quot;,&quot;maxVersion&quot;:&quot;49.0.2&quot;}],&quot;targetPlatforms&quot;:[],&quot;seen&quot;:true}
1490270793386	addons.xpi	DEBUG	getModTime: Recursive scan of {972ce4c6-7e08-4474-a285-3208198ce6fd}
1490270793388	DeferredSave.extensions.json	DEBUG	Save changes
1490270793389	addons.xpi	DEBUG	Updating database with changes to installed add-ons
1490270793389	addons.xpi-utils	DEBUG	Updating add-on states
1490270793391	addons.xpi-utils	DEBUG	Writing add-ons list
1490270793398	addons.xpi	DEBUG	Registering manifest for C:\Program Files (x86)\Mozilla Firefox\browser\features\e10srollout@mozilla.org.xpi
1490270793399	addons.xpi	DEBUG	Calling bootstrap method startup on e10srollout@mozilla.org version 1.3
1490270793399	addons.xpi	DEBUG	Registering manifest for C:\Program Files (x86)\Mozilla Firefox\browser\features\firefox@getpocket.com.xpi
1490270793400	addons.xpi	DEBUG	Calling bootstrap method startup on firefox@getpocket.com version 1.0.4
1490270793401	addons.xpi	DEBUG	Registering manifest for C:\Program Files (x86)\Mozilla Firefox\browser\features\webcompat@mozilla.org.xpi
1490270793402	addons.xpi	DEBUG	Calling bootstrap method startup on webcompat@mozilla.org version 1.0
1490270793405	addons.manager	DEBUG	Registering shutdown blocker for XPIProvider
1490270793405	addons.manager	DEBUG	Provider finished startup: XPIProvider
1490270793406	addons.manager	DEBUG	Starting provider: LightweightThemeManager
1490270793406	addons.manager	DEBUG	Registering shutdown blocker for LightweightThemeManager
1490270793406	addons.manager	DEBUG	Provider finished startup: LightweightThemeManager
1490270793407	addons.manager	DEBUG	Starting provider: GMPProvider
1490270793424	addons.manager	DEBUG	Registering shutdown blocker for GMPProvider
1490270793425	addons.manager	DEBUG	Provider finished startup: GMPProvider
1490270793425	addons.manager	DEBUG	Starting provider: PluginProvider
1490270793425	addons.manager	DEBUG	Registering shutdown blocker for PluginProvider
1490270793426	addons.manager	DEBUG	Provider finished startup: PluginProvider
1490270793426	addons.manager	DEBUG	Completed startup sequence
1490270794401	DeferredSave.extensions.json	DEBUG	Starting write
1490270794413	addons.manager	DEBUG	Starting provider: &lt;unnamed-provider&gt;
1490270794413	addons.manager	DEBUG	Registering shutdown blocker for &lt;unnamed-provider&gt;
1490270794414	addons.manager	DEBUG	Provider finished startup: &lt;unnamed-provider&gt;
1490270794907	addons.repository	DEBUG	No addons.json found.
1490270794908	DeferredSave.addons.json	DEBUG	Save changes
1490270794913	DeferredSave.addons.json	DEBUG	Starting timer
1490270795170	addons.manager	DEBUG	Starting provider: PreviousExperimentProvider
1490270795171	addons.manager	DEBUG	Registering shutdown blocker for PreviousExperimentProvider
1490270795171	addons.manager	DEBUG	Provider finished startup: PreviousExperimentProvider
1490270795175	DeferredSave.extensions.json	DEBUG	Write succeeded
1490270795176	addons.xpi-utils	DEBUG	XPI Database saved, setting schema version preference to 17
1490270795177	DeferredSave.addons.json	DEBUG	Starting write
1490270795328	DeferredSave.addons.json	DEBUG	Write succeeded

Build info: version: &#039;2.53.1&#039;, revision: &#039;a36b8b1cd5757287168e54b817830adce9b0158d&#039;, time: &#039;2016-06-30 19:26:09&#039;
System info: host: &#039;LMIPL-007&#039;, ip: &#039;192.168.231.1&#039;, os.name: &#039;Windows 8.1&#039;, os.arch: &#039;x86&#039;, os.version: &#039;6.3&#039;, java.version: &#039;1.8.0_101&#039;
Driver info: driver.version: FirefoxDriver">
      <![CDATA[org.openqa.selenium.WebDriverException: Failed to connect to binary FirefoxBinary(C:\Program Files (x86)\Mozilla Firefox\firefox.exe) on port 7055; process output follows: 
ID":"BwasIsiJg9gt","location":"app-global","version":"49.0.2","type":"theme","internalName":"classic/1.0","updateURL":null,"updateKey":null,"optionsURL":null,"optionsType":null,"aboutURL":null,"icons":{"32":"icon.png","48":"icon.png"},"iconURL":null,"icon64URL":null,"defaultLocale":{"name":"Default","description":"The default theme.","creator":"Mozilla","homepageURL":null,"contributors":["Mozilla Contributors"]},"visible":true,"active":true,"userDisabled":false,"appDisabled":false,"descriptor":"C:\\Program Files (x86)\\Mozilla Firefox\\browser\\extensions\\{972ce4c6-7e08-4474-a285-3208198ce6fd}.xpi","installDate":1476903776000,"updateDate":1476903776000,"applyBackgroundUpdates":1,"skinnable":true,"size":21905,"sourceURI":null,"releaseNotesURI":null,"softDisabled":false,"foreignInstall":false,"hasBinaryComponents":false,"strictCompatibility":true,"locales":[],"targetApplications":[{"id":"{ec8030f7-c20a-464f-9b0e-13a3a9e97384}","minVersion":"49.0.2","maxVersion":"49.0.2"}],"targetPlatforms":[],"seen":true}
1490270793386	addons.xpi	DEBUG	getModTime: Recursive scan of {972ce4c6-7e08-4474-a285-3208198ce6fd}
1490270793388	DeferredSave.extensions.json	DEBUG	Save changes
1490270793389	addons.xpi	DEBUG	Updating database with changes to installed add-ons
1490270793389	addons.xpi-utils	DEBUG	Updating add-on states
1490270793391	addons.xpi-utils	DEBUG	Writing add-ons list
1490270793398	addons.xpi	DEBUG	Registering manifest for C:\Program Files (x86)\Mozilla Firefox\browser\features\e10srollout@mozilla.org.xpi
1490270793399	addons.xpi	DEBUG	Calling bootstrap method startup on e10srollout@mozilla.org version 1.3
1490270793399	addons.xpi	DEBUG	Registering manifest for C:\Program Files (x86)\Mozilla Firefox\browser\features\firefox@getpocket.com.xpi
1490270793400	addons.xpi	DEBUG	Calling bootstrap method startup on firefox@getpocket.com version 1.0.4
1490270793401	addons.xpi	DEBUG	Registering manifest for C:\Program Files (x86)\Mozilla Firefox\browser\features\webcompat@mozilla.org.xpi
1490270793402	addons.xpi	DEBUG	Calling bootstrap method startup on webcompat@mozilla.org version 1.0
1490270793405	addons.manager	DEBUG	Registering shutdown blocker for XPIProvider
1490270793405	addons.manager	DEBUG	Provider finished startup: XPIProvider
1490270793406	addons.manager	DEBUG	Starting provider: LightweightThemeManager
1490270793406	addons.manager	DEBUG	Registering shutdown blocker for LightweightThemeManager
1490270793406	addons.manager	DEBUG	Provider finished startup: LightweightThemeManager
1490270793407	addons.manager	DEBUG	Starting provider: GMPProvider
1490270793424	addons.manager	DEBUG	Registering shutdown blocker for GMPProvider
1490270793425	addons.manager	DEBUG	Provider finished startup: GMPProvider
1490270793425	addons.manager	DEBUG	Starting provider: PluginProvider
1490270793425	addons.manager	DEBUG	Registering shutdown blocker for PluginProvider
1490270793426	addons.manager	DEBUG	Provider finished startup: PluginProvider
1490270793426	addons.manager	DEBUG	Completed startup sequence
1490270794401	DeferredSave.extensions.json	DEBUG	Starting write
1490270794413	addons.manager	DEBUG	Starting provider: <unnamed-provider>
1490270794413	addons.manager	DEBUG	Registering shutdown blocker for <unnamed-provider>
1490270794414	addons.manager	DEBUG	Provider finished startup: <unnamed-provider>
1490270794907	addons.repository	DEBUG	No addons.json found.
1490270794908	DeferredSave.addons.json	DEBUG	Save changes
1490270794913	DeferredSave.addons.json	DEBUG	Starting timer
1490270795170	addons.manager	DEBUG	Starting provider: PreviousExperimentProvider
1490270795171	addons.manager	DEBUG	Registering shutdown blocker for PreviousExperimentProvider
1490270795171	addons.manager	DEBUG	Provider finished startup: PreviousExperimentProvider
1490270795175	DeferredSave.extensions.json	DEBUG	Write succeeded
1490270795176	addons.xpi-utils	DEBUG	XPI Database saved, setting schema version preference to 17
1490270795177	DeferredSave.addons.json	DEBUG	Starting write
1490270795328	DeferredSave.addons.json	DEBUG	Write succeeded

Build info: version: '2.53.1', revision: 'a36b8b1cd5757287168e54b817830adce9b0158d', time: '2016-06-30 19:26:09'
System info: host: 'LMIPL-007', ip: '192.168.231.1', os.name: 'Windows 8.1', os.arch: 'x86', os.version: '6.3', java.version: '1.8.0_101'
Driver info: driver.version: FirefoxDriver
	at org.openqa.selenium.firefox.internal.NewProfileExtensionConnection.start(NewProfileExtensionConnection.java:125)
	at org.openqa.selenium.firefox.FirefoxDriver.startClient(FirefoxDriver.java:271)
	at org.openqa.selenium.remote.RemoteWebDriver.<init>(RemoteWebDriver.java:119)
	at org.openqa.selenium.firefox.FirefoxDriver.<init>(FirefoxDriver.java:216)
	at org.openqa.selenium.firefox.FirefoxDriver.<init>(FirefoxDriver.java:211)
	at org.openqa.selenium.firefox.FirefoxDriver.<init>(FirefoxDriver.java:207)
	at org.openqa.selenium.firefox.FirefoxDriver.<init>(FirefoxDriver.java:124)
	at selenium.framework.common.WebDriverFactory.getFirefoxDriver(WebDriverFactory.java:100)
	at selenium.framework.common.WebDriverFactory.createInstance(WebDriverFactory.java:41)
	at selenium.framework.common.WebDriverManager$1.initialValue(WebDriverManager.java:14)
	at selenium.framework.common.WebDriverManager$1.initialValue(WebDriverManager.java:1)
	at java.lang.ThreadLocal.setInitialValue(ThreadLocal.java:180)
	at java.lang.ThreadLocal.get(ThreadLocal.java:170)
	at selenium.framework.common.WebDriverManager.getWebDriver(WebDriverManager.java:24)
	at lm.rcx.tests.securitysetup.TS_01_SecuritySetUp_AddRole.beforeClass(TS_01_SecuritySetUp_AddRole.java:49)
	at sun.reflect.NativeMethodAccessorImpl.invoke0(Native Method)
	at sun.reflect.NativeMethodAccessorImpl.invoke(NativeMethodAccessorImpl.java:62)
	at sun.reflect.DelegatingMethodAccessorImpl.invoke(DelegatingMethodAccessorImpl.java:43)
	at java.lang.reflect.Method.invoke(Method.java:498)
	at org.testng.internal.MethodInvocationHelper.invokeMethod(MethodInvocationHelper.java:84)
	at org.testng.internal.Invoker.invokeConfigurationMethod(Invoker.java:564)
	at org.testng.internal.Invoker.invokeConfigurations(Invoker.java:213)
	at org.testng.internal.Invoker.invokeConfigurations(Invoker.java:138)
	at org.testng.internal.TestMethodWorker.invokeBeforeClassMethods(TestMethodWorker.java:175)
	at org.testng.internal.TestMethodWorker.run(TestMethodWorker.java:107)
	at org.testng.TestRunner.privateRun(TestRunner.java:767)
	at org.testng.TestRunner.run(TestRunner.java:617)
	at org.testng.SuiteRunner.runTest(SuiteRunner.java:334)
	at org.testng.SuiteRunner.runSequentially(SuiteRunner.java:329)
	at org.testng.SuiteRunner.privateRun(SuiteRunner.java:291)
	at org.testng.SuiteRunner.run(SuiteRunner.java:240)
	at org.testng.SuiteRunnerWorker.runSuite(SuiteRunnerWorker.java:52)
	at org.testng.SuiteRunnerWorker.run(SuiteRunnerWorker.java:86)
	at org.testng.TestNG.runSuitesSequentially(TestNG.java:1224)
	at org.testng.TestNG.runSuitesLocally(TestNG.java:1149)
	at org.testng.TestNG.run(TestNG.java:1057)
	at org.testng.remote.AbstractRemoteTestNG.run(AbstractRemoteTestNG.java:126)
	at org.testng.remote.RemoteTestNG.initAndRun(RemoteTestNG.java:152)
	at org.testng.remote.RemoteTestNG.main(RemoteTestNG.java:57)
Caused by: org.openqa.selenium.firefox.NotConnectedException: Unable to connect to host 127.0.0.1 on port 7055 after 45000 ms. Firefox console output:
ID":"BwasIsiJg9gt","location":"app-global","version":"49.0.2","type":"theme","internalName":"classic/1.0","updateURL":null,"updateKey":null,"optionsURL":null,"optionsType":null,"aboutURL":null,"icons":{"32":"icon.png","48":"icon.png"},"iconURL":null,"icon64URL":null,"defaultLocale":{"name":"Default","description":"The default theme.","creator":"Mozilla","homepageURL":null,"contributors":["Mozilla Contributors"]},"visible":true,"active":true,"userDisabled":false,"appDisabled":false,"descriptor":"C:\\Program Files (x86)\\Mozilla Firefox\\browser\\extensions\\{972ce4c6-7e08-4474-a285-3208198ce6fd}.xpi","installDate":1476903776000,"updateDate":1476903776000,"applyBackgroundUpdates":1,"skinnable":true,"size":21905,"sourceURI":null,"releaseNotesURI":null,"softDisabled":false,"foreignInstall":false,"hasBinaryComponents":false,"strictCompatibility":true,"locales":[],"targetApplications":[{"id":"{ec8030f7-c20a-464f-9b0e-13a3a9e97384}","minVersion":"49.0.2","maxVersion":"49.0.2"}],"targetPlatforms":[],"seen":true}
1490270793386	addons.xpi	DEBUG	getModTime: Recursive scan of {972ce4c6-7e08-4474-a285-3208198ce6fd}
1490270793388	DeferredSave.extensions.json	DEBUG	Save changes
1490270793389	addons.xpi	DEBUG	Updating database with changes to installed add-ons
1490270793389	addons.xpi-utils	DEBUG	Updating add-on states
1490270793391	addons.xpi-utils	DEBUG	Writing add-ons list
1490270793398	addons.xpi	DEBUG	Registering manifest for C:\Program Files (x86)\Mozilla Firefox\browser\features\e10srollout@mozilla.org.xpi
1490270793399	addons.xpi	DEBUG	Calling bootstrap method startup on e10srollout@mozilla.org version 1.3
1490270793399	addons.xpi	DEBUG	Registering manifest for C:\Program Files (x86)\Mozilla Firefox\browser\features\firefox@getpocket.com.xpi
1490270793400	addons.xpi	DEBUG	Calling bootstrap method startup on firefox@getpocket.com version 1.0.4
1490270793401	addons.xpi	DEBUG	Registering manifest for C:\Program Files (x86)\Mozilla Firefox\browser\features\webcompat@mozilla.org.xpi
1490270793402	addons.xpi	DEBUG	Calling bootstrap method startup on webcompat@mozilla.org version 1.0
1490270793405	addons.manager	DEBUG	Registering shutdown blocker for XPIProvider
1490270793405	addons.manager	DEBUG	Provider finished startup: XPIProvider
1490270793406	addons.manager	DEBUG	Starting provider: LightweightThemeManager
1490270793406	addons.manager	DEBUG	Registering shutdown blocker for LightweightThemeManager
1490270793406	addons.manager	DEBUG	Provider finished startup: LightweightThemeManager
1490270793407	addons.manager	DEBUG	Starting provider: GMPProvider
1490270793424	addons.manager	DEBUG	Registering shutdown blocker for GMPProvider
1490270793425	addons.manager	DEBUG	Provider finished startup: GMPProvider
1490270793425	addons.manager	DEBUG	Starting provider: PluginProvider
1490270793425	addons.manager	DEBUG	Registering shutdown blocker for PluginProvider
1490270793426	addons.manager	DEBUG	Provider finished startup: PluginProvider
1490270793426	addons.manager	DEBUG	Completed startup sequence
1490270794401	DeferredSave.extensions.json	DEBUG	Starting write
1490270794413	addons.manager	DEBUG	Starting provider: <unnamed-provider>
1490270794413	addons.manager	DEBUG	Registering shutdown blocker for <unnamed-provider>
1490270794414	addons.manager	DEBUG	Provider finished startup: <unnamed-provider>
1490270794907	addons.repository	DEBUG	No addons.json found.
1490270794908	DeferredSave.addons.json	DEBUG	Save changes
1490270794913	DeferredSave.addons.json	DEBUG	Starting timer
1490270795170	addons.manager	DEBUG	Starting provider: PreviousExperimentProvider
1490270795171	addons.manager	DEBUG	Registering shutdown blocker for PreviousExperimentProvider
1490270795171	addons.manager	DEBUG	Provider finished startup: PreviousExperimentProvider
1490270795175	DeferredSave.extensions.json	DEBUG	Write succeeded
1490270795176	addons.xpi-utils	DEBUG	XPI Database saved, setting schema version preference to 17
1490270795177	DeferredSave.addons.json	DEBUG	Starting write
1490270795328	DeferredSave.addons.json	DEBUG	Write succeeded

	at org.openqa.selenium.firefox.internal.NewProfileExtensionConnection.start(NewProfileExtensionConnection.java:113)
	... 38 more
]]>
    </failure>
  </testcase> <!-- TC_01_ValidateAddRole -->
</testsuite> <!-- lm.rcx.tests.securitysetup.TS_01_SecuritySetUp_AddRole -->
